::1 - - [16/Sep/2019:20:15:19 -0300] "GET /mysql/ HTTP/1.1" 200 3053
::1 - - [16/Sep/2019:20:15:19 -0300] "GET /mysql/themes/pmahomme/jquery/jquery-ui-1.11.2.css HTTP/1.1" 200 35212
::1 - - [16/Sep/2019:20:15:19 -0300] "GET /mysql/js/codemirror/lib/codemirror.css?v=4.5.4.1 HTTP/1.1" 200 7771
::1 - - [16/Sep/2019:20:15:19 -0300] "GET /mysql/js/codemirror/addon/hint/show-hint.css?v=4.5.4.1 HTTP/1.1" 200 662
::1 - - [16/Sep/2019:20:15:19 -0300] "GET /mysql/themes/pmahomme/css/printview.css?v=4.5.4.1 HTTP/1.1" 200 3082
::1 - - [16/Sep/2019:20:15:19 -0300] "GET /mysql/js/codemirror/addon/lint/lint.css?v=4.5.4.1 HTTP/1.1" 200 3068
::1 - - [16/Sep/2019:20:15:19 -0300] "GET /mysql/js/get_scripts.js.php?scripts%5B%5D=jquery/jquery-1.11.1.min.js&scripts%5B%5D=sprintf.js&scripts%5B%5D=ajax.js&scripts%5B%5D=keyhandler.js&scripts%5B%5D=jquery/jquery-ui-1.11.2.min.js&scripts%5B%5D=jquery/jquery.cookie.js&scripts%5B%5D=jquery/jquery.mousewheel.js&scripts%5B%5D=jquery/jquery.event.drag-2.2.js&scripts%5B%5D=jquery/jquery-ui-timepicker-addon.js&scripts%5B%5D=jquery/jquery.ba-hashchange-1.3.js&scripts%5B%5D=jquery/jquery.debounce-1.0.5.js&scripts%5B%5D=menu-resizer.js&scripts%5B%5D=cross_framing_protection.js&scripts%5B%5D=rte.js&scripts%5B%5D=tracekit/tracekit.js&scripts%5B%5D=error_report.js&scripts%5B%5D=doclinks.js&scripts%5B%5D=functions.js&scripts%5B%5D=navigation.js&scripts%5B%5D=indexes.js&v=4.5.4.1 HTTP/1.1" 200 216429
::1 - - [16/Sep/2019:20:15:19 -0300] "GET /mysql/themes/pmahomme/img/logo_right.png HTTP/1.1" 200 4548
::1 - - [16/Sep/2019:20:15:19 -0300] "GET /mysql/themes/dot.gif HTTP/1.1" 200 43
::1 - - [16/Sep/2019:20:15:19 -0300] "GET /mysql/js/whitelist.php?lang=en&db=&collation_connection=utf8_unicode_ci&token=b808aaa19ca2da88e8975671cccaa330&v=4.5.4.1 HTTP/1.1" 200 482
::1 - - [16/Sep/2019:20:15:19 -0300] "GET /mysql/js/get_scripts.js.php?scripts%5B%5D=common.js&scripts%5B%5D=config.js&scripts%5B%5D=page_settings.js&scripts%5B%5D=codemirror/lib/codemirror.js&scripts%5B%5D=codemirror/mode/sql/sql.js&scripts%5B%5D=codemirror/addon/runmode/runmode.js&scripts%5B%5D=codemirror/addon/hint/show-hint.js&scripts%5B%5D=codemirror/addon/hint/sql-hint.js&scripts%5B%5D=codemirror/addon/lint/lint.js&scripts%5B%5D=codemirror/addon/lint/sql-lint.js&scripts%5B%5D=console.js&v=4.5.4.1 HTTP/1.1" 200 129440
::1 - - [16/Sep/2019:20:15:19 -0300] "GET /mysql/js/messages.php?lang=en&db=&collation_connection=utf8_unicode_ci&token=b808aaa19ca2da88e8975671cccaa330&v=4.5.4.1 HTTP/1.1" 200 8430
::1 - - [16/Sep/2019:20:15:19 -0300] "GET /mysql/phpmyadmin.css.php?nocache=4363588757ltr HTTP/1.1" 200 20076
::1 - - [16/Sep/2019:20:15:19 -0300] "GET /mysql/js/get_image.js.php?theme=pmahomme&v=4.5.4.1 HTTP/1.1" 200 1822
::1 - - [16/Sep/2019:20:15:19 -0300] "GET /mysql/themes/pmahomme/img/sprites.png?v=4.5.4.1 HTTP/1.1" 200 46795
::1 - - [16/Sep/2019:20:15:19 -0300] "GET /mysql/favicon.ico HTTP/1.1" 200 22486
::1 - - [16/Sep/2019:20:15:43 -0300] "GET / HTTP/1.1" 200 1605
::1 - - [16/Sep/2019:20:15:43 -0300] "GET /?getimg=title HTTP/1.1" 200 6119
::1 - - [16/Sep/2019:20:15:43 -0300] "GET /?getimg=folder HTTP/1.1" 200 537
::1 - - [16/Sep/2019:20:15:43 -0300] "GET /?getimg=favicon HTTP/1.1" 200 5430
::1 - - [16/Sep/2019:20:15:46 -0300] "GET / HTTP/1.1" 200 1605
::1 - - [16/Sep/2019:20:15:46 -0300] "GET /?getimg=title HTTP/1.1" 200 6119
::1 - - [16/Sep/2019:20:15:46 -0300] "GET /?getimg=folder HTTP/1.1" 200 537
::1 - - [16/Sep/2019:20:15:46 -0300] "GET /?getimg=favicon HTTP/1.1" 200 5430
::1 - - [16/Sep/2019:20:15:47 -0300] "GET /wordpress/ HTTP/1.1" 302 -
::1 - - [16/Sep/2019:20:15:47 -0300] "GET /wordpress/wp-admin/setup-config.php HTTP/1.1" 500 87
127.0.0.1 - - [16/Sep/2019:20:16:00 -0300] "GET /wordpress/wp-admin/setup-config.php HTTP/1.1" 200 12022
127.0.0.1 - - [16/Sep/2019:20:16:01 -0300] "GET /favicon.ico HTTP/1.1" 404 308
::1 - - [16/Sep/2019:20:27:46 -0300] "GET / HTTP/1.1" 200 1671
::1 - - [16/Sep/2019:20:27:46 -0300] "GET /?getimg=title HTTP/1.1" 200 6119
::1 - - [16/Sep/2019:20:27:46 -0300] "GET /?getimg=folder HTTP/1.1" 200 537
::1 - - [16/Sep/2019:20:27:47 -0300] "GET /favicon.ico HTTP/1.1" 404 308
::1 - - [16/Sep/2019:20:27:48 -0300] "GET /wordpress/ HTTP/1.1" 302 -
::1 - - [16/Sep/2019:20:27:48 -0300] "GET /wordpress/wp-admin/setup-config.php HTTP/1.1" 200 -
::1 - - [16/Sep/2019:20:27:54 -0300] "GET /wordpress/wp-admin/setup-config.php HTTP/1.1" 200 -
::1 - - [16/Sep/2019:20:27:54 -0300] "GET /wordpress/wp-admin/setup-config.php HTTP/1.1" 200 -
::1 - - [16/Sep/2019:20:27:55 -0300] "GET /wordpress/wp-admin/setup-config.php HTTP/1.1" 200 -
::1 - - [16/Sep/2019:20:27:55 -0300] "GET /wordpress/wp-admin/setup-config.php HTTP/1.1" 200 -
::1 - - [16/Sep/2019:20:29:48 -0300] "GET /mysql/ HTTP/1.1" 200 3022
::1 - - [16/Sep/2019:20:29:49 -0300] "GET /mysql/js/whitelist.php?lang=en&db=&token=b808aaa19ca2da88e8975671cccaa330&v=4.5.4.1 HTTP/1.1" 200 482
::1 - - [16/Sep/2019:20:29:49 -0300] "GET /mysql/js/messages.php?lang=en&db=&token=b808aaa19ca2da88e8975671cccaa330&v=4.5.4.1 HTTP/1.1" 200 8430
::1 - - [16/Sep/2019:20:29:54 -0300] "POST /mysql/index.php HTTP/1.1" 200 3073
::1 - - [16/Sep/2019:20:29:55 -0300] "POST /mysql/index.php HTTP/1.1" 200 3073
::1 - - [16/Sep/2019:20:29:56 -0300] "POST /mysql/index.php HTTP/1.1" 200 3073
::1 - - [16/Sep/2019:20:29:57 -0300] "GET /mysql/url.php?url=https%3A%2F%2Fwww.phpmyadmin.net%2F HTTP/1.1" 200 194
::1 - - [16/Sep/2019:20:30:04 -0300] "GET /uwamp/phpinfo.php HTTP/1.1" 200 103955
::1 - - [16/Sep/2019:20:43:55 -0300] "GET / HTTP/1.1" 200 1671
::1 - - [16/Sep/2019:20:43:55 -0300] "GET /wordpress/wp-admin/setup-config.php HTTP/1.1" 200 -
::1 - - [16/Sep/2019:20:43:56 -0300] "GET /?getimg=title HTTP/1.1" 200 6119
::1 - - [16/Sep/2019:20:43:56 -0300] "GET /favicon.ico HTTP/1.1" 404 308
::1 - - [16/Sep/2019:20:43:56 -0300] "GET /?getimg=folder HTTP/1.1" 200 537
::1 - - [16/Sep/2019:20:43:56 -0300] "GET /favicon.ico HTTP/1.1" 404 308
::1 - - [16/Sep/2019:20:43:59 -0300] "GET /wordpress/ HTTP/1.1" 302 -
::1 - - [16/Sep/2019:20:43:59 -0300] "GET /wordpress/wp-admin/setup-config.php HTTP/1.1" 200 -
::1 - - [16/Sep/2019:20:44:03 -0300] "GET /wordpress.new HTTP/1.1" 301 338
::1 - - [16/Sep/2019:20:44:03 -0300] "GET /wordpress.new/ HTTP/1.1" 302 -
::1 - - [16/Sep/2019:20:44:03 -0300] "GET /wordpress.new/wp-admin/setup-config.php HTTP/1.1" 200 12054
::1 - - [16/Sep/2019:20:44:04 -0300] "GET /wordpress.new/wp-includes/css/buttons.min.css?ver=5.2.3 HTTP/1.1" 200 6312
::1 - - [16/Sep/2019:20:44:04 -0300] "GET /wordpress.new/wp-admin/css/forms.min.css?ver=5.2.3 HTTP/1.1" 200 22174
::1 - - [16/Sep/2019:20:44:04 -0300] "GET /wordpress.new/wp-admin/css/install.min.css?ver=5.2.3 HTTP/1.1" 200 4930
::1 - - [16/Sep/2019:20:44:04 -0300] "GET /wordpress.new/wp-includes/css/dashicons.min.css?ver=5.2.3 HTTP/1.1" 200 47558
::1 - - [16/Sep/2019:20:44:04 -0300] "GET /wordpress.new/wp-includes/js/jquery/jquery.js?ver=1.12.4-wp HTTP/1.1" 200 96873
::1 - - [16/Sep/2019:20:44:04 -0300] "GET /wordpress.new/wp-admin/js/language-chooser.min.js?ver=5.2.3 HTTP/1.1" 200 374
::1 - - [16/Sep/2019:20:44:04 -0300] "GET /wordpress.new/wp-admin/css/l10n.min.css?ver=5.2.3 HTTP/1.1" 200 2477
::1 - - [16/Sep/2019:20:44:04 -0300] "GET /wordpress.new/wp-includes/js/jquery/jquery-migrate.min.js?ver=1.4.1 HTTP/1.1" 200 10056
::1 - - [16/Sep/2019:20:44:04 -0300] "GET /wordpress.new/wp-admin/images/wordpress-logo.svg?ver=20131107 HTTP/1.1" 200 1521
::1 - - [16/Sep/2019:20:44:04 -0300] "GET /wordpress.new/wp-admin/images/spinner.gif HTTP/1.1" 200 3656
::1 - - [16/Sep/2019:20:46:12 -0300] "GET /wordpress/wp-admin/setup-config.php HTTP/1.1" 200 -
::1 - - [16/Sep/2019:20:46:12 -0300] "GET /uwamp/phpinfo.php HTTP/1.1" 200 103955
::1 - - [16/Sep/2019:20:46:12 -0300] "GET /favicon.ico HTTP/1.1" 404 308
::1 - - [16/Sep/2019:20:47:34 -0300] "GET / HTTP/1.1" 200 1671
::1 - - [16/Sep/2019:20:47:34 -0300] "GET /?getimg=title HTTP/1.1" 200 6119
::1 - - [16/Sep/2019:20:47:34 -0300] "GET /?getimg=folder HTTP/1.1" 200 537
::1 - - [16/Sep/2019:20:50:46 -0300] "GET / HTTP/1.1" 200 1604
::1 - - [16/Sep/2019:20:50:46 -0300] "GET /?getimg=title HTTP/1.1" 200 6119
::1 - - [16/Sep/2019:20:50:46 -0300] "GET /?getimg=folder HTTP/1.1" 200 537
::1 - - [16/Sep/2019:20:50:47 -0300] "GET /wordpress/ HTTP/1.1" 302 -
::1 - - [16/Sep/2019:20:50:47 -0300] "GET /wordpress/wp-admin/setup-config.php HTTP/1.1" 200 12022
::1 - - [16/Sep/2019:20:50:49 -0300] "GET /favicon.ico HTTP/1.1" 404 308
::1 - - [16/Sep/2019:20:58:34 -0300] "GET / HTTP/1.1" 200 1604
::1 - - [16/Sep/2019:20:58:34 -0300] "GET /?getimg=title HTTP/1.1" 200 6119
::1 - - [16/Sep/2019:20:58:34 -0300] "GET /?getimg=folder HTTP/1.1" 200 537
::1 - - [16/Sep/2019:20:58:35 -0300] "GET /wordpress/ HTTP/1.1" 302 -
::1 - - [16/Sep/2019:20:58:35 -0300] "GET /wordpress/wp-admin/setup-config.php HTTP/1.1" 200 12022
